<?xml version="1.0" encoding="UTF-8"?>
<coverage generated="1548765991528" clover="3.2.0">
  <project timestamp="1548765991529" name="All files">
    <metrics statements="56" coveredstatements="19" conditionals="32" coveredconditionals="0" methods="30" coveredmethods="1" elements="118" coveredelements="20" complexity="0" loc="56" ncloc="56" packages="9" files="13" classes="13">
      <package name="actions">
        <metrics statements="10" coveredstatements="5" conditionals="0" coveredconditionals="0" methods="5" coveredmethods="0"/>
        <file name="loginActions.js" path="D:\Projets\agency\react-native-os-boilerplate\reactNativeOsBoilerplate\src\actions\loginActions.js">
          <metrics statements="10" coveredstatements="5" conditionals="0" coveredconditionals="0" methods="5" coveredmethods="0"/>
          <line num="5" count="1" type="stmt"/>
          <line num="6" count="1" type="stmt"/>
          <line num="7" count="1" type="stmt"/>
          <line num="8" count="1" type="stmt"/>
          <line num="9" count="1" type="stmt"/>
          <line num="48" count="0" type="stmt"/>
          <line num="58" count="0" type="stmt"/>
          <line num="65" count="0" type="stmt"/>
          <line num="72" count="0" type="stmt"/>
          <line num="79" count="0" type="stmt"/>
        </file>
      </package>
      <package name="assets.images">
        <metrics statements="1" coveredstatements="1" conditionals="0" coveredconditionals="0" methods="0" coveredmethods="0"/>
        <file name="background2.jpg" path="D:\Projets\agency\react-native-os-boilerplate\reactNativeOsBoilerplate\src\assets\images\background2.jpg">
          <metrics statements="1" coveredstatements="1" conditionals="0" coveredconditionals="0" methods="0" coveredmethods="0"/>
          <line num="1" count="1" type="stmt"/>
        </file>
      </package>
      <package name="assets.styles.components.authentication">
        <metrics statements="0" coveredstatements="0" conditionals="0" coveredconditionals="0" methods="0" coveredmethods="0"/>
        <file name="LoginForm.style.js" path="D:\Projets\agency\react-native-os-boilerplate\reactNativeOsBoilerplate\src\assets\styles\components\authentication\LoginForm.style.js">
          <metrics statements="0" coveredstatements="0" conditionals="0" coveredconditionals="0" methods="0" coveredmethods="0"/>
        </file>
        <file name="RegisterForm.style.js" path="D:\Projets\agency\react-native-os-boilerplate\reactNativeOsBoilerplate\src\assets\styles\components\authentication\RegisterForm.style.js">
          <metrics statements="0" coveredstatements="0" conditionals="0" coveredconditionals="0" methods="0" coveredmethods="0"/>
        </file>
      </package>
      <package name="assets.styles.screens">
        <metrics statements="0" coveredstatements="0" conditionals="0" coveredconditionals="0" methods="0" coveredmethods="0"/>
        <file name="LoginScreen.style.js" path="D:\Projets\agency\react-native-os-boilerplate\reactNativeOsBoilerplate\src\assets\styles\screens\LoginScreen.style.js">
          <metrics statements="0" coveredstatements="0" conditionals="0" coveredconditionals="0" methods="0" coveredmethods="0"/>
        </file>
      </package>
      <package name="components.authentication">
        <metrics statements="23" coveredstatements="0" conditionals="28" coveredconditionals="0" methods="16" coveredmethods="0"/>
        <file name="LoginForm.js" path="D:\Projets\agency\react-native-os-boilerplate\reactNativeOsBoilerplate\src\components\authentication\LoginForm.js">
          <metrics statements="13" coveredstatements="0" conditionals="22" coveredconditionals="0" methods="9" coveredmethods="0"/>
          <line num="50" count="0" type="cond" truecount="0" falsecount="2"/>
          <line num="54" count="0" type="cond" truecount="0" falsecount="2"/>
          <line num="58" count="0" type="cond" truecount="0" falsecount="4"/>
          <line num="62" count="0" type="stmt"/>
          <line num="66" count="0" type="stmt"/>
          <line num="70" count="0" type="cond" truecount="0" falsecount="2"/>
          <line num="71" count="0" type="cond" truecount="0" falsecount="2"/>
          <line num="75" count="0" type="stmt"/>
          <line num="79" count="0" type="stmt"/>
          <line num="83" count="0" type="stmt"/>
          <line num="84" count="0" type="cond" truecount="0" falsecount="4"/>
          <line num="85" count="0" type="stmt"/>
          <line num="91" count="0" type="stmt"/>
        </file>
        <file name="RegisterForm.js" path="D:\Projets\agency\react-native-os-boilerplate\reactNativeOsBoilerplate\src\components\authentication\RegisterForm.js">
          <metrics statements="10" coveredstatements="0" conditionals="6" coveredconditionals="0" methods="7" coveredmethods="0"/>
          <line num="32" count="0" type="stmt"/>
          <line num="34" count="0" type="stmt"/>
          <line num="40" count="0" type="stmt"/>
          <line num="44" count="0" type="stmt"/>
          <line num="48" count="0" type="stmt"/>
          <line num="49" count="0" type="cond" truecount="0" falsecount="2"/>
          <line num="53" count="0" type="stmt"/>
          <line num="57" count="0" type="stmt"/>
          <line num="61" count="0" type="stmt"/>
          <line num="63" count="0" type="stmt"/>
        </file>
      </package>
      <package name="constants">
        <metrics statements="11" coveredstatements="11" conditionals="0" coveredconditionals="0" methods="0" coveredmethods="0"/>
        <file name="colorConstants.js" path="D:\Projets\agency\react-native-os-boilerplate\reactNativeOsBoilerplate\src\constants\colorConstants.js">
          <metrics statements="4" coveredstatements="4" conditionals="0" coveredconditionals="0" methods="0" coveredmethods="0"/>
          <line num="1" count="1" type="stmt"/>
          <line num="16" count="1" type="stmt"/>
          <line num="17" count="1" type="stmt"/>
          <line num="18" count="1" type="stmt"/>
        </file>
        <file name="sizeConstants.js" path="D:\Projets\agency\react-native-os-boilerplate\reactNativeOsBoilerplate\src\constants\sizeConstants.js">
          <metrics statements="3" coveredstatements="3" conditionals="0" coveredconditionals="0" methods="0" coveredmethods="0"/>
          <line num="3" count="1" type="stmt"/>
          <line num="4" count="1" type="stmt"/>
          <line num="5" count="1" type="stmt"/>
        </file>
        <file name="statusConstants.js" path="D:\Projets\agency\react-native-os-boilerplate\reactNativeOsBoilerplate\src\constants\statusConstants.js">
          <metrics statements="4" coveredstatements="4" conditionals="0" coveredconditionals="0" methods="0" coveredmethods="0"/>
          <line num="1" count="1" type="stmt"/>
          <line num="2" count="1" type="stmt"/>
          <line num="3" count="1" type="stmt"/>
          <line num="4" count="1" type="stmt"/>
        </file>
      </package>
      <package name="containers.authentication">
        <metrics statements="4" coveredstatements="0" conditionals="0" coveredconditionals="0" methods="4" coveredmethods="0"/>
        <file name="LoginFormContainer.js" path="D:\Projets\agency\react-native-os-boilerplate\reactNativeOsBoilerplate\src\containers\authentication\LoginFormContainer.js">
          <metrics statements="4" coveredstatements="0" conditionals="0" coveredconditionals="0" methods="4" coveredmethods="0"/>
          <line num="12" count="0" type="stmt"/>
          <line num="18" count="0" type="stmt"/>
          <line num="19" count="0" type="stmt"/>
          <line num="20" count="0" type="stmt"/>
        </file>
      </package>
      <package name="screens">
        <metrics statements="4" coveredstatements="2" conditionals="2" coveredconditionals="0" methods="3" coveredmethods="1"/>
        <file name="LoginScreen.js" path="D:\Projets\agency\react-native-os-boilerplate\reactNativeOsBoilerplate\src\screens\LoginScreen.js">
          <metrics statements="4" coveredstatements="2" conditionals="2" coveredconditionals="0" methods="3" coveredmethods="1"/>
          <line num="24" count="0" type="stmt"/>
          <line num="28" count="0" type="stmt"/>
          <line num="32" count="2" type="stmt"/>
          <line num="34" count="2" type="stmt"/>
        </file>
      </package>
      <package name="utils">
        <metrics statements="3" coveredstatements="0" conditionals="2" coveredconditionals="0" methods="2" coveredmethods="0"/>
        <file name="validatorUtils.js" path="D:\Projets\agency\react-native-os-boilerplate\reactNativeOsBoilerplate\src\utils\validatorUtils.js">
          <metrics statements="3" coveredstatements="0" conditionals="2" coveredconditionals="0" methods="2" coveredmethods="0"/>
          <line num="4" count="0" type="stmt"/>
          <line num="6" count="0" type="stmt"/>
          <line num="10" count="0" type="cond" truecount="0" falsecount="2"/>
        </file>
      </package>
    </metrics>
  </project>
</coverage>
