{"D:\\Projets\\agency\\rn-boilerplate-noexpo\\src\\components\\Header.js": {"path":"D:\\Projets\\agency\\rn-boilerplate-noexpo\\src\\components\\Header.js","statementMap":{"0":{"start":{"line":6,"column":21},"end":{"line":6,"column":92}},"1":{"start":{"line":6,"column":37},"end":{"line":6,"column":92}},"2":{"start":{"line":8,"column":15},"end":{"line":19,"column":1}}},"fnMap":{"0":{"name":"(anonymous_0)","decl":{"start":{"line":6,"column":21},"end":{"line":6,"column":22}},"loc":{"start":{"line":6,"column":37},"end":{"line":6,"column":92}},"line":6}},"branchMap":{"0":{"loc":{"start":{"line":17,"column":12},"end":{"line":17,"column":43}},"type":"cond-expr","locations":[{"start":{"line":17,"column":36},"end":{"line":17,"column":38}},{"start":{"line":17,"column":41},"end":{"line":17,"column":43}}],"line":17}},"s":{"0":0,"1":0,"2":0},"f":{"0":0},"b":{"0":[0,0]},"hash":"eafba137f70192d3536d39a5efc7e64710ba0105"}
,"D:\\Projets\\agency\\rn-boilerplate-noexpo\\src\\components\\StyledText.js": {"path":"D:\\Projets\\agency\\rn-boilerplate-noexpo\\src\\components\\StyledText.js","statementMap":{"0":{"start":{"line":9,"column":17},"end":{"line":9,"column":89}},"1":{"start":{"line":9,"column":35},"end":{"line":9,"column":89}},"2":{"start":{"line":11,"column":15},"end":{"line":11,"column":72}}},"fnMap":{"0":{"name":"(anonymous_0)","decl":{"start":{"line":9,"column":17},"end":{"line":9,"column":18}},"loc":{"start":{"line":9,"column":35},"end":{"line":9,"column":89}},"line":9}},"branchMap":{},"s":{"0":0,"1":0,"2":0},"f":{"0":0},"b":{},"hash":"3ddb80ab35570904062f07a724d821c02b0a6c2b"}
,"D:\\Projets\\agency\\rn-boilerplate-noexpo\\src\\components\\TabBarIcon.js": {"path":"D:\\Projets\\agency\\rn-boilerplate-noexpo\\src\\components\\TabBarIcon.js","statementMap":{"0":{"start":{"line":13,"column":19},"end":{"line":15,"column":1}},"1":{"start":{"line":14,"column":2},"end":{"line":14,"column":129}},"2":{"start":{"line":17,"column":15},"end":{"line":17,"column":64}}},"fnMap":{"0":{"name":"(anonymous_0)","decl":{"start":{"line":13,"column":19},"end":{"line":13,"column":20}},"loc":{"start":{"line":14,"column":2},"end":{"line":14,"column":129}},"line":14}},"branchMap":{"0":{"loc":{"start":{"line":14,"column":63},"end":{"line":14,"column":125}},"type":"cond-expr","locations":[{"start":{"line":14,"column":79},"end":{"line":14,"column":101}},{"start":{"line":14,"column":104},"end":{"line":14,"column":125}}],"line":14}},"s":{"0":0,"1":0,"2":0},"f":{"0":0},"b":{"0":[0,0]},"hash":"495670b0365f9f2f1ec73d522bde41ef9dcee38a"}
,"D:\\Projets\\agency\\rn-boilerplate-noexpo\\src\\components\\authentication\\LoginForm.js": {"path":"D:\\Projets\\agency\\rn-boilerplate-noexpo\\src\\components\\authentication\\LoginForm.js","statementMap":{"0":{"start":{"line":48,"column":4},"end":{"line":48,"column":85}},"1":{"start":{"line":48,"column":46},"end":{"line":48,"column":85}},"2":{"start":{"line":52,"column":4},"end":{"line":52,"column":74}},"3":{"start":{"line":52,"column":26},"end":{"line":52,"column":74}},"4":{"start":{"line":56,"column":4},"end":{"line":56,"column":109}},"5":{"start":{"line":56,"column":49},"end":{"line":56,"column":109}},"6":{"start":{"line":60,"column":4},"end":{"line":60,"column":29}},"7":{"start":{"line":64,"column":4},"end":{"line":64,"column":29}},"8":{"start":{"line":68,"column":4},"end":{"line":68,"column":90}},"9":{"start":{"line":68,"column":26},"end":{"line":68,"column":90}},"10":{"start":{"line":69,"column":4},"end":{"line":69,"column":57}},"11":{"start":{"line":69,"column":29},"end":{"line":69,"column":57}},"12":{"start":{"line":73,"column":4},"end":{"line":73,"column":32}},"13":{"start":{"line":77,"column":4},"end":{"line":77,"column":32}},"14":{"start":{"line":81,"column":32},"end":{"line":81,"column":42}},"15":{"start":{"line":82,"column":4},"end":{"line":87,"column":8}},"16":{"start":{"line":83,"column":6},"end":{"line":87,"column":8}},"17":{"start":{"line":89,"column":4},"end":{"line":158,"column":6}}},"fnMap":{"0":{"name":"(anonymous_0)","decl":{"start":{"line":47,"column":2},"end":{"line":47,"column":3}},"loc":{"start":{"line":47,"column":23},"end":{"line":49,"column":3}},"line":47},"1":{"name":"(anonymous_1)","decl":{"start":{"line":51,"column":2},"end":{"line":51,"column":3}},"loc":{"start":{"line":51,"column":22},"end":{"line":53,"column":3}},"line":51},"2":{"name":"(anonymous_2)","decl":{"start":{"line":55,"column":33},"end":{"line":55,"column":34}},"loc":{"start":{"line":55,"column":39},"end":{"line":57,"column":3}},"line":55},"3":{"name":"(anonymous_3)","decl":{"start":{"line":59,"column":18},"end":{"line":59,"column":19}},"loc":{"start":{"line":59,"column":48},"end":{"line":61,"column":3}},"line":59},"4":{"name":"(anonymous_4)","decl":{"start":{"line":63,"column":23},"end":{"line":63,"column":24}},"loc":{"start":{"line":63,"column":42},"end":{"line":65,"column":3}},"line":63},"5":{"name":"(anonymous_5)","decl":{"start":{"line":67,"column":22},"end":{"line":67,"column":23}},"loc":{"start":{"line":67,"column":28},"end":{"line":70,"column":3}},"line":67},"6":{"name":"(anonymous_6)","decl":{"start":{"line":72,"column":21},"end":{"line":72,"column":22}},"loc":{"start":{"line":72,"column":51},"end":{"line":74,"column":3}},"line":72},"7":{"name":"(anonymous_7)","decl":{"start":{"line":76,"column":26},"end":{"line":76,"column":27}},"loc":{"start":{"line":76,"column":48},"end":{"line":78,"column":3}},"line":76},"8":{"name":"(anonymous_8)","decl":{"start":{"line":80,"column":2},"end":{"line":80,"column":3}},"loc":{"start":{"line":80,"column":11},"end":{"line":159,"column":3}},"line":80}},"branchMap":{"0":{"loc":{"start":{"line":48,"column":4},"end":{"line":48,"column":85}},"type":"if","locations":[{"start":{"line":48,"column":4},"end":{"line":48,"column":85}},{"start":{"line":48,"column":4},"end":{"line":48,"column":85}}],"line":48},"1":{"loc":{"start":{"line":52,"column":4},"end":{"line":52,"column":74}},"type":"if","locations":[{"start":{"line":52,"column":4},"end":{"line":52,"column":74}},{"start":{"line":52,"column":4},"end":{"line":52,"column":74}}],"line":52},"2":{"loc":{"start":{"line":56,"column":4},"end":{"line":56,"column":109}},"type":"if","locations":[{"start":{"line":56,"column":4},"end":{"line":56,"column":109}},{"start":{"line":56,"column":4},"end":{"line":56,"column":109}}],"line":56},"3":{"loc":{"start":{"line":56,"column":8},"end":{"line":56,"column":47}},"type":"binary-expr","locations":[{"start":{"line":56,"column":8},"end":{"line":56,"column":24}},{"start":{"line":56,"column":28},"end":{"line":56,"column":47}}],"line":56},"4":{"loc":{"start":{"line":68,"column":4},"end":{"line":68,"column":90}},"type":"if","locations":[{"start":{"line":68,"column":4},"end":{"line":68,"column":90}},{"start":{"line":68,"column":4},"end":{"line":68,"column":90}}],"line":68},"5":{"loc":{"start":{"line":69,"column":4},"end":{"line":69,"column":57}},"type":"if","locations":[{"start":{"line":69,"column":4},"end":{"line":69,"column":57}},{"start":{"line":69,"column":4},"end":{"line":69,"column":57}}],"line":69},"6":{"loc":{"start":{"line":82,"column":4},"end":{"line":87,"column":8}},"type":"if","locations":[{"start":{"line":82,"column":4},"end":{"line":87,"column":8}},{"start":{"line":82,"column":4},"end":{"line":87,"column":8}}],"line":82},"7":{"loc":{"start":{"line":82,"column":8},"end":{"line":82,"column":64}},"type":"binary-expr","locations":[{"start":{"line":82,"column":8},"end":{"line":82,"column":44}},{"start":{"line":82,"column":48},"end":{"line":82,"column":64}}],"line":82},"8":{"loc":{"start":{"line":115,"column":26},"end":{"line":115,"column":94}},"type":"cond-expr","locations":[{"start":{"line":115,"column":51},"end":{"line":115,"column":55}},{"start":{"line":115,"column":58},"end":{"line":115,"column":94}}],"line":115},"9":{"loc":{"start":{"line":135,"column":9},"end":{"line":135,"column":86}},"type":"binary-expr","locations":[{"start":{"line":135,"column":9},"end":{"line":135,"column":25}},{"start":{"line":135,"column":29},"end":{"line":135,"column":86}}],"line":135},"10":{"loc":{"start":{"line":141,"column":20},"end":{"line":141,"column":61}},"type":"binary-expr","locations":[{"start":{"line":141,"column":20},"end":{"line":141,"column":40}},{"start":{"line":141,"column":44},"end":{"line":141,"column":61}}],"line":141}},"s":{"0":0,"1":0,"2":2,"3":0,"4":0,"5":0,"6":2,"7":0,"8":0,"9":0,"10":0,"11":0,"12":2,"13":0,"14":2,"15":2,"16":0,"17":2},"f":{"0":0,"1":2,"2":0,"3":2,"4":0,"5":0,"6":2,"7":0,"8":2},"b":{"0":[0,0],"1":[0,2],"2":[0,0],"3":[0,0],"4":[0,0],"5":[0,0],"6":[0,2],"7":[2,0],"8":[2,0],"9":[2,0],"10":[2,0]},"_coverageSchema":"43e27e138ebf9cfc5966b082cf9a028302ed4184","hash":"e9eede863bf7e61677fed21ef2680b47d7a2785f"}
,"D:\\Projets\\agency\\rn-boilerplate-noexpo\\src\\components\\authentication\\RegisterForm.js": {"path":"D:\\Projets\\agency\\rn-boilerplate-noexpo\\src\\components\\authentication\\RegisterForm.js","statementMap":{"0":{"start":{"line":32,"column":28},"end":{"line":32,"column":38}},"1":{"start":{"line":34,"column":4},"end":{"line":36,"column":7}},"2":{"start":{"line":40,"column":4},"end":{"line":40,"column":29}},"3":{"start":{"line":44,"column":4},"end":{"line":44,"column":29}},"4":{"start":{"line":48,"column":4},"end":{"line":48,"column":68}},"5":{"start":{"line":49,"column":4},"end":{"line":49,"column":57}},"6":{"start":{"line":49,"column":29},"end":{"line":49,"column":57}},"7":{"start":{"line":53,"column":4},"end":{"line":53,"column":32}},"8":{"start":{"line":57,"column":4},"end":{"line":57,"column":32}},"9":{"start":{"line":61,"column":58},"end":{"line":61,"column":68}},"10":{"start":{"line":63,"column":4},"end":{"line":148,"column":6}}},"fnMap":{"0":{"name":"(anonymous_0)","decl":{"start":{"line":31,"column":33},"end":{"line":31,"column":34}},"loc":{"start":{"line":31,"column":39},"end":{"line":37,"column":3}},"line":31},"1":{"name":"(anonymous_1)","decl":{"start":{"line":39,"column":18},"end":{"line":39,"column":19}},"loc":{"start":{"line":39,"column":48},"end":{"line":41,"column":3}},"line":39},"2":{"name":"(anonymous_2)","decl":{"start":{"line":43,"column":23},"end":{"line":43,"column":24}},"loc":{"start":{"line":43,"column":42},"end":{"line":45,"column":3}},"line":43},"3":{"name":"(anonymous_3)","decl":{"start":{"line":47,"column":22},"end":{"line":47,"column":23}},"loc":{"start":{"line":47,"column":28},"end":{"line":50,"column":3}},"line":47},"4":{"name":"(anonymous_4)","decl":{"start":{"line":52,"column":21},"end":{"line":52,"column":22}},"loc":{"start":{"line":52,"column":51},"end":{"line":54,"column":3}},"line":52},"5":{"name":"(anonymous_5)","decl":{"start":{"line":56,"column":26},"end":{"line":56,"column":27}},"loc":{"start":{"line":56,"column":48},"end":{"line":58,"column":3}},"line":56},"6":{"name":"(anonymous_6)","decl":{"start":{"line":60,"column":2},"end":{"line":60,"column":3}},"loc":{"start":{"line":60,"column":11},"end":{"line":149,"column":3}},"line":60}},"branchMap":{"0":{"loc":{"start":{"line":49,"column":4},"end":{"line":49,"column":57}},"type":"if","locations":[{"start":{"line":49,"column":4},"end":{"line":49,"column":57}},{"start":{"line":49,"column":4},"end":{"line":49,"column":57}}],"line":49},"1":{"loc":{"start":{"line":89,"column":26},"end":{"line":89,"column":83}},"type":"cond-expr","locations":[{"start":{"line":89,"column":40},"end":{"line":89,"column":44}},{"start":{"line":89,"column":47},"end":{"line":89,"column":83}}],"line":89},"2":{"loc":{"start":{"line":131,"column":20},"end":{"line":131,"column":55}},"type":"binary-expr","locations":[{"start":{"line":131,"column":20},"end":{"line":131,"column":32}},{"start":{"line":131,"column":36},"end":{"line":131,"column":55}}],"line":131}},"s":{"0":0,"1":0,"2":0,"3":0,"4":0,"5":0,"6":0,"7":0,"8":0,"9":0,"10":0},"f":{"0":0,"1":0,"2":0,"3":0,"4":0,"5":0,"6":0},"b":{"0":[0,0],"1":[0,0],"2":[0,0]},"_coverageSchema":"43e27e138ebf9cfc5966b082cf9a028302ed4184","hash":"7a5f700f36b1ac79f9382210242078f876c8952b"}
,"D:\\Projets\\agency\\rn-boilerplate-noexpo\\src\\components\\fragments\\Drawer.js": {"path":"D:\\Projets\\agency\\rn-boilerplate-noexpo\\src\\components\\fragments\\Drawer.js","statementMap":{"0":{"start":{"line":19,"column":4},"end":{"line":19,"column":28}},"1":{"start":{"line":20,"column":4},"end":{"line":20,"column":44}},"2":{"start":{"line":24,"column":4},"end":{"line":30,"column":6}},"3":{"start":{"line":34,"column":15},"end":{"line":38,"column":2}}},"fnMap":{"0":{"name":"(anonymous_0)","decl":{"start":{"line":18,"column":17},"end":{"line":18,"column":18}},"loc":{"start":{"line":18,"column":23},"end":{"line":21,"column":3}},"line":18},"1":{"name":"(anonymous_1)","decl":{"start":{"line":23,"column":2},"end":{"line":23,"column":3}},"loc":{"start":{"line":23,"column":11},"end":{"line":31,"column":3}},"line":23}},"branchMap":{},"s":{"0":0,"1":0,"2":1,"3":1},"f":{"0":0,"1":1},"b":{},"_coverageSchema":"43e27e138ebf9cfc5966b082cf9a028302ed4184","hash":"2ff9dd8de0c031ed514db434bf7c262b0046566b"}
,"D:\\Projets\\agency\\rn-boilerplate-noexpo\\src\\navigation\\AppNavigator.js": {"path":"D:\\Projets\\agency\\rn-boilerplate-noexpo\\src\\navigation\\AppNavigator.js","statementMap":{"0":{"start":{"line":6,"column":19},"end":{"line":8,"column":2}}},"fnMap":{},"branchMap":{},"s":{"0":0},"f":{},"b":{},"hash":"863deafbd9276f34bc2994973e0d2b378192a246"}
,"D:\\Projets\\agency\\rn-boilerplate-noexpo\\src\\navigation\\MainTabNavigator.js": {"path":"D:\\Projets\\agency\\rn-boilerplate-noexpo\\src\\navigation\\MainTabNavigator.js","statementMap":{"0":{"start":{"line":14,"column":18},"end":{"line":26,"column":1}},"1":{"start":{"line":22,"column":8},"end":{"line":22,"column":150}},"2":{"start":{"line":28,"column":19},"end":{"line":38,"column":1}},"3":{"start":{"line":35,"column":35},"end":{"line":35,"column":121}},"4":{"start":{"line":40,"column":22},"end":{"line":50,"column":1}},"5":{"start":{"line":47,"column":35},"end":{"line":47,"column":127}},"6":{"start":{"line":52,"column":25},"end":{"line":56,"column":2}},"7":{"start":{"line":58,"column":28},"end":{"line":65,"column":1}},"8":{"start":{"line":67,"column":22},"end":{"line":70,"column":2}}},"fnMap":{"0":{"name":"(anonymous_0)","decl":{"start":{"line":21,"column":18},"end":{"line":21,"column":19}},"loc":{"start":{"line":22,"column":8},"end":{"line":22,"column":150}},"line":22},"1":{"name":"(anonymous_1)","decl":{"start":{"line":35,"column":18},"end":{"line":35,"column":19}},"loc":{"start":{"line":35,"column":35},"end":{"line":35,"column":121}},"line":35},"2":{"name":"(anonymous_2)","decl":{"start":{"line":47,"column":18},"end":{"line":47,"column":19}},"loc":{"start":{"line":47,"column":35},"end":{"line":47,"column":127}},"line":47}},"branchMap":{"0":{"loc":{"start":{"line":22,"column":44},"end":{"line":22,"column":146}},"type":"cond-expr","locations":[{"start":{"line":22,"column":68},"end":{"line":22,"column":120}},{"start":{"line":22,"column":123},"end":{"line":22,"column":146}}],"line":22},"1":{"loc":{"start":{"line":22,"column":93},"end":{"line":22,"column":118}},"type":"cond-expr","locations":[{"start":{"line":22,"column":103},"end":{"line":22,"column":105}},{"start":{"line":22,"column":108},"end":{"line":22,"column":118}}],"line":22},"2":{"loc":{"start":{"line":35,"column":71},"end":{"line":35,"column":117}},"type":"cond-expr","locations":[{"start":{"line":35,"column":95},"end":{"line":35,"column":105}},{"start":{"line":35,"column":108},"end":{"line":35,"column":117}}],"line":35},"3":{"loc":{"start":{"line":47,"column":71},"end":{"line":47,"column":123}},"type":"cond-expr","locations":[{"start":{"line":47,"column":95},"end":{"line":47,"column":108}},{"start":{"line":47,"column":111},"end":{"line":47,"column":123}}],"line":47}},"s":{"0":0,"1":0,"2":0,"3":0,"4":0,"5":0,"6":0,"7":0,"8":0},"f":{"0":0,"1":0,"2":0},"b":{"0":[0,0],"1":[0,0],"2":[0,0],"3":[0,0]},"hash":"e63c19f2b1e81cf011c50b0e97185e16d344e28f"}
,"D:\\Projets\\agency\\rn-boilerplate-noexpo\\src\\services\\api.js": {"path":"D:\\Projets\\agency\\rn-boilerplate-noexpo\\src\\services\\api.js","statementMap":{"0":{"start":{"line":7,"column":12},"end":{"line":7,"column":22}},"1":{"start":{"line":8,"column":19},"end":{"line":8,"column":32}},"2":{"start":{"line":9,"column":0},"end":{"line":9,"column":39}},"3":{"start":{"line":10,"column":0},"end":{"line":10,"column":22}},"4":{"start":{"line":14,"column":21},"end":{"line":14,"column":41}}},"fnMap":{},"branchMap":{},"s":{"0":1,"1":1,"2":1,"3":1,"4":1},"f":{},"b":{},"_coverageSchema":"43e27e138ebf9cfc5966b082cf9a028302ed4184","hash":"ad2bfc0b2ffc1fc979327a76bc35eac4af364ec7"}
,"D:\\Projets\\agency\\rn-boilerplate-noexpo\\src\\services\\authentication\\authenticationHelper.js": {"path":"D:\\Projets\\agency\\rn-boilerplate-noexpo\\src\\services\\authentication\\authenticationHelper.js","statementMap":{"0":{"start":{"line":4,"column":29},"end":{"line":4,"column":31}},"1":{"start":{"line":5,"column":2},"end":{"line":10,"column":3}},"2":{"start":{"line":6,"column":4},"end":{"line":6,"column":81}},"3":{"start":{"line":6,"column":28},"end":{"line":6,"column":81}},"4":{"start":{"line":7,"column":4},"end":{"line":7,"column":90}},"5":{"start":{"line":7,"column":43},"end":{"line":7,"column":90}},"6":{"start":{"line":9,"column":4},"end":{"line":9,"column":51}},"7":{"start":{"line":11,"column":2},"end":{"line":11,"column":86}}},"fnMap":{"0":{"name":"handleLoginError","decl":{"start":{"line":3,"column":16},"end":{"line":3,"column":32}},"loc":{"start":{"line":3,"column":45},"end":{"line":12,"column":1}},"line":3}},"branchMap":{"0":{"loc":{"start":{"line":6,"column":4},"end":{"line":6,"column":81}},"type":"if","locations":[{"start":{"line":6,"column":4},"end":{"line":6,"column":81}},{"start":{"line":6,"column":4},"end":{"line":6,"column":81}}],"line":6},"1":{"loc":{"start":{"line":7,"column":4},"end":{"line":7,"column":90}},"type":"if","locations":[{"start":{"line":7,"column":4},"end":{"line":7,"column":90}},{"start":{"line":7,"column":4},"end":{"line":7,"column":90}}],"line":7},"2":{"loc":{"start":{"line":11,"column":18},"end":{"line":11,"column":84}},"type":"cond-expr","locations":[{"start":{"line":11,"column":40},"end":{"line":11,"column":69}},{"start":{"line":11,"column":72},"end":{"line":11,"column":84}}],"line":11}},"s":{"0":4,"1":4,"2":4,"3":1,"4":3,"5":1,"6":1,"7":3},"f":{"0":4},"b":{"0":[1,2],"1":[1,2],"2":[1,2]},"_coverageSchema":"43e27e138ebf9cfc5966b082cf9a028302ed4184","hash":"c03ec6279f80b4065927c14a01d76afe0fe1a2f8"}
,"D:\\Projets\\agency\\rn-boilerplate-noexpo\\src\\services\\authentication\\authenticationService.js": {"path":"D:\\Projets\\agency\\rn-boilerplate-noexpo\\src\\services\\authentication\\authenticationService.js","statementMap":{"0":{"start":{"line":6,"column":2},"end":{"line":12,"column":29}},"1":{"start":{"line":16,"column":2},"end":{"line":21,"column":29}},"2":{"start":{"line":25,"column":2},"end":{"line":25,"column":73}}},"fnMap":{"0":{"name":"loginUser","decl":{"start":{"line":5,"column":16},"end":{"line":5,"column":25}},"loc":{"start":{"line":5,"column":71},"end":{"line":13,"column":1}},"line":5},"1":{"name":"refreshToken","decl":{"start":{"line":15,"column":16},"end":{"line":15,"column":28}},"loc":{"start":{"line":15,"column":62},"end":{"line":22,"column":1}},"line":15},"2":{"name":"registerUser","decl":{"start":{"line":24,"column":16},"end":{"line":24,"column":28}},"loc":{"start":{"line":24,"column":74},"end":{"line":26,"column":1}},"line":24}},"branchMap":{},"s":{"0":1,"1":1,"2":1},"f":{"0":1,"1":1,"2":1},"b":{},"_coverageSchema":"43e27e138ebf9cfc5966b082cf9a028302ed4184","hash":"7c3eb5b7612cc7bff594739007ed072fa54b61a9"}
,"D:\\Projets\\agency\\rn-boilerplate-noexpo\\src\\types\\Actions.js": {"path":"D:\\Projets\\agency\\rn-boilerplate-noexpo\\src\\types\\Actions.js","statementMap":{},"fnMap":{},"branchMap":{},"s":{},"f":{},"b":{},"hash":"a9a3191988b1df85b2ab630235ded7fe90dbee50"}
,"D:\\Projets\\agency\\rn-boilerplate-noexpo\\src\\types\\Saga.js": {"path":"D:\\Projets\\agency\\rn-boilerplate-noexpo\\src\\types\\Saga.js","statementMap":{},"fnMap":{},"branchMap":{},"s":{},"f":{},"b":{},"hash":"f7181d5ec897ac949e483a6b4fde465a77523ddc"}
,"D:\\Projets\\agency\\rn-boilerplate-noexpo\\src\\types\\Status.js": {"path":"D:\\Projets\\agency\\rn-boilerplate-noexpo\\src\\types\\Status.js","statementMap":{"0":{"start":{"line":2,"column":28},"end":{"line":2,"column":35}},"1":{"start":{"line":3,"column":30},"end":{"line":3,"column":39}},"2":{"start":{"line":4,"column":30},"end":{"line":4,"column":39}},"3":{"start":{"line":5,"column":30},"end":{"line":5,"column":39}}},"fnMap":{},"branchMap":{},"s":{"0":1,"1":1,"2":1,"3":1},"f":{},"b":{},"_coverageSchema":"43e27e138ebf9cfc5966b082cf9a028302ed4184","hash":"47e9afff272ccea0ff25a0037b43f7693a49fbca"}
,"D:\\Projets\\agency\\rn-boilerplate-noexpo\\src\\types\\User.js": {"path":"D:\\Projets\\agency\\rn-boilerplate-noexpo\\src\\types\\User.js","statementMap":{},"fnMap":{},"branchMap":{},"s":{},"f":{},"b":{},"hash":"9cf12df9f7607759aec6cc37a6d4b5e514b3a6c2"}
,"D:\\Projets\\agency\\rn-boilerplate-noexpo\\src\\types\\actions\\localeActions.js": {"path":"D:\\Projets\\agency\\rn-boilerplate-noexpo\\src\\types\\actions\\localeActions.js","statementMap":{},"fnMap":{},"branchMap":{},"s":{},"f":{},"b":{},"hash":"d855c314cec50fbd8b16ac1bd0cf61ef21f8db5b"}
,"D:\\Projets\\agency\\rn-boilerplate-noexpo\\src\\types\\actions\\loginActions.js": {"path":"D:\\Projets\\agency\\rn-boilerplate-noexpo\\src\\types\\actions\\loginActions.js","statementMap":{},"fnMap":{},"branchMap":{},"s":{},"f":{},"b":{},"hash":"029639017eed55377c5d492189e1702c4b14e2c5"}
,"D:\\Projets\\agency\\rn-boilerplate-noexpo\\src\\types\\actions\\registerActions.js": {"path":"D:\\Projets\\agency\\rn-boilerplate-noexpo\\src\\types\\actions\\registerActions.js","statementMap":{},"fnMap":{},"branchMap":{},"s":{},"f":{},"b":{},"hash":"07675d0432cca0fc48b304ab1ddd902a44610562"}
,"D:\\Projets\\agency\\rn-boilerplate-noexpo\\src\\utils\\validatorUtils.js": {"path":"D:\\Projets\\agency\\rn-boilerplate-noexpo\\src\\utils\\validatorUtils.js","statementMap":{"0":{"start":{"line":5,"column":11},"end":{"line":5,"column":163}},"1":{"start":{"line":7,"column":2},"end":{"line":7,"column":24}},"2":{"start":{"line":11,"column":2},"end":{"line":11,"column":51}}},"fnMap":{"0":{"name":"validateEmail","decl":{"start":{"line":3,"column":16},"end":{"line":3,"column":29}},"loc":{"start":{"line":3,"column":54},"end":{"line":8,"column":1}},"line":3},"1":{"name":"hasMaximumLengthOf","decl":{"start":{"line":10,"column":16},"end":{"line":10,"column":34}},"loc":{"start":{"line":10,"column":82},"end":{"line":12,"column":1}},"line":10}},"branchMap":{"0":{"loc":{"start":{"line":11,"column":12},"end":{"line":11,"column":49}},"type":"binary-expr","locations":[{"start":{"line":11,"column":12},"end":{"line":11,"column":17}},{"start":{"line":11,"column":21},"end":{"line":11,"column":49}}],"line":11}},"s":{"0":2,"1":2,"2":0},"f":{"0":2,"1":0},"b":{"0":[0,0]},"_coverageSchema":"43e27e138ebf9cfc5966b082cf9a028302ed4184","hash":"52ab3eeaa54f6f5b2f3497b0fd91ba7e03555005"}
}
