{"D:\\Projets\\agency\\react-native-os-boilerplate\\reactNativeOsBoilerplate\\src\\actions\\loginActions.js": {"path":"D:\\Projets\\agency\\react-native-os-boilerplate\\reactNativeOsBoilerplate\\src\\actions\\loginActions.js","statementMap":{"0":{"start":{"line":5,"column":27},"end":{"line":5,"column":40}},"1":{"start":{"line":6,"column":33},"end":{"line":6,"column":52}},"2":{"start":{"line":7,"column":29},"end":{"line":7,"column":44}},"3":{"start":{"line":8,"column":29},"end":{"line":8,"column":44}},"4":{"start":{"line":9,"column":27},"end":{"line":9,"column":40}},"5":{"start":{"line":48,"column":2},"end":{"line":54,"column":4}},"6":{"start":{"line":58,"column":2},"end":{"line":61,"column":4}},"7":{"start":{"line":65,"column":2},"end":{"line":68,"column":4}},"8":{"start":{"line":72,"column":2},"end":{"line":75,"column":4}},"9":{"start":{"line":79,"column":2},"end":{"line":81,"column":4}}},"fnMap":{"0":{"name":"loginUser","decl":{"start":{"line":47,"column":16},"end":{"line":47,"column":25}},"loc":{"start":{"line":47,"column":79},"end":{"line":55,"column":1}},"line":47},"1":{"name":"loginUserWithToken","decl":{"start":{"line":57,"column":16},"end":{"line":57,"column":34}},"loc":{"start":{"line":57,"column":76},"end":{"line":62,"column":1}},"line":57},"2":{"name":"userLoginSuccess","decl":{"start":{"line":64,"column":16},"end":{"line":64,"column":32}},"loc":{"start":{"line":64,"column":86},"end":{"line":69,"column":1}},"line":64},"3":{"name":"userLoginFailed","decl":{"start":{"line":71,"column":16},"end":{"line":71,"column":31}},"loc":{"start":{"line":71,"column":69},"end":{"line":76,"column":1}},"line":71},"4":{"name":"resetLogin","decl":{"start":{"line":78,"column":16},"end":{"line":78,"column":26}},"loc":{"start":{"line":78,"column":49},"end":{"line":82,"column":1}},"line":78}},"branchMap":{},"s":{"0":1,"1":1,"2":1,"3":1,"4":1,"5":0,"6":0,"7":0,"8":0,"9":0},"f":{"0":0,"1":0,"2":0,"3":0,"4":0},"b":{},"_coverageSchema":"332fd63041d2c1bcb487cc26dd0d5f7d97098a6c","hash":"79ba167d381742b71fc20b76c5d14a7d4759fd4e"}
,"D:\\Projets\\agency\\react-native-os-boilerplate\\reactNativeOsBoilerplate\\src\\assets\\images\\background2.jpg": {"path":"D:\\Projets\\agency\\react-native-os-boilerplate\\reactNativeOsBoilerplate\\src\\assets\\images\\background2.jpg","statementMap":{"0":{"start":{"line":1,"column":0},"end":{"line":4,"column":6}}},"fnMap":{},"branchMap":{},"s":{"0":1},"f":{},"b":{},"_coverageSchema":"332fd63041d2c1bcb487cc26dd0d5f7d97098a6c","hash":"cbd5dd1db7a80111bbbb7fcf8608dcd48cebb5e8"}
,"D:\\Projets\\agency\\react-native-os-boilerplate\\reactNativeOsBoilerplate\\src\\assets\\styles\\components\\authentication\\LoginForm.style.js": {"path":"D:\\Projets\\agency\\react-native-os-boilerplate\\reactNativeOsBoilerplate\\src\\assets\\styles\\components\\authentication\\LoginForm.style.js","statementMap":{},"fnMap":{},"branchMap":{},"s":{},"f":{},"b":{},"_coverageSchema":"332fd63041d2c1bcb487cc26dd0d5f7d97098a6c","hash":"dd170294175f82b2f4356016768d02364f4b458c"}
,"D:\\Projets\\agency\\react-native-os-boilerplate\\reactNativeOsBoilerplate\\src\\assets\\styles\\components\\authentication\\RegisterForm.style.js": {"path":"D:\\Projets\\agency\\react-native-os-boilerplate\\reactNativeOsBoilerplate\\src\\assets\\styles\\components\\authentication\\RegisterForm.style.js","statementMap":{},"fnMap":{},"branchMap":{},"s":{},"f":{},"b":{},"_coverageSchema":"332fd63041d2c1bcb487cc26dd0d5f7d97098a6c","hash":"a72ca2cf1bc77afd64fd460bae8d077581ce2db4"}
,"D:\\Projets\\agency\\react-native-os-boilerplate\\reactNativeOsBoilerplate\\src\\assets\\styles\\screens\\LoginScreen.style.js": {"path":"D:\\Projets\\agency\\react-native-os-boilerplate\\reactNativeOsBoilerplate\\src\\assets\\styles\\screens\\LoginScreen.style.js","statementMap":{},"fnMap":{},"branchMap":{},"s":{},"f":{},"b":{},"_coverageSchema":"332fd63041d2c1bcb487cc26dd0d5f7d97098a6c","hash":"8fd249eb3d44342798285bed29e216c9c70501ef"}
,"D:\\Projets\\agency\\react-native-os-boilerplate\\reactNativeOsBoilerplate\\src\\components\\authentication\\LoginForm.js": {"path":"D:\\Projets\\agency\\react-native-os-boilerplate\\reactNativeOsBoilerplate\\src\\components\\authentication\\LoginForm.js","statementMap":{"0":{"start":{"line":50,"column":4},"end":{"line":50,"column":85}},"1":{"start":{"line":50,"column":46},"end":{"line":50,"column":85}},"2":{"start":{"line":54,"column":4},"end":{"line":54,"column":74}},"3":{"start":{"line":54,"column":26},"end":{"line":54,"column":74}},"4":{"start":{"line":58,"column":4},"end":{"line":58,"column":109}},"5":{"start":{"line":58,"column":49},"end":{"line":58,"column":109}},"6":{"start":{"line":62,"column":4},"end":{"line":62,"column":29}},"7":{"start":{"line":66,"column":4},"end":{"line":66,"column":29}},"8":{"start":{"line":70,"column":4},"end":{"line":70,"column":90}},"9":{"start":{"line":70,"column":26},"end":{"line":70,"column":90}},"10":{"start":{"line":71,"column":4},"end":{"line":71,"column":57}},"11":{"start":{"line":71,"column":29},"end":{"line":71,"column":57}},"12":{"start":{"line":75,"column":4},"end":{"line":75,"column":32}},"13":{"start":{"line":79,"column":4},"end":{"line":79,"column":32}},"14":{"start":{"line":83,"column":32},"end":{"line":83,"column":42}},"15":{"start":{"line":84,"column":4},"end":{"line":89,"column":8}},"16":{"start":{"line":85,"column":6},"end":{"line":89,"column":8}},"17":{"start":{"line":91,"column":4},"end":{"line":160,"column":6}}},"fnMap":{"0":{"name":"(anonymous_0)","decl":{"start":{"line":49,"column":2},"end":{"line":49,"column":3}},"loc":{"start":{"line":49,"column":23},"end":{"line":51,"column":3}},"line":49},"1":{"name":"(anonymous_1)","decl":{"start":{"line":53,"column":2},"end":{"line":53,"column":3}},"loc":{"start":{"line":53,"column":22},"end":{"line":55,"column":3}},"line":53},"2":{"name":"(anonymous_2)","decl":{"start":{"line":57,"column":33},"end":{"line":57,"column":34}},"loc":{"start":{"line":57,"column":39},"end":{"line":59,"column":3}},"line":57},"3":{"name":"(anonymous_3)","decl":{"start":{"line":61,"column":18},"end":{"line":61,"column":19}},"loc":{"start":{"line":61,"column":48},"end":{"line":63,"column":3}},"line":61},"4":{"name":"(anonymous_4)","decl":{"start":{"line":65,"column":23},"end":{"line":65,"column":24}},"loc":{"start":{"line":65,"column":42},"end":{"line":67,"column":3}},"line":65},"5":{"name":"(anonymous_5)","decl":{"start":{"line":69,"column":22},"end":{"line":69,"column":23}},"loc":{"start":{"line":69,"column":28},"end":{"line":72,"column":3}},"line":69},"6":{"name":"(anonymous_6)","decl":{"start":{"line":74,"column":21},"end":{"line":74,"column":22}},"loc":{"start":{"line":74,"column":51},"end":{"line":76,"column":3}},"line":74},"7":{"name":"(anonymous_7)","decl":{"start":{"line":78,"column":26},"end":{"line":78,"column":27}},"loc":{"start":{"line":78,"column":48},"end":{"line":80,"column":3}},"line":78},"8":{"name":"(anonymous_8)","decl":{"start":{"line":82,"column":2},"end":{"line":82,"column":3}},"loc":{"start":{"line":82,"column":11},"end":{"line":161,"column":3}},"line":82}},"branchMap":{"0":{"loc":{"start":{"line":50,"column":4},"end":{"line":50,"column":85}},"type":"if","locations":[{"start":{"line":50,"column":4},"end":{"line":50,"column":85}},{"start":{"line":50,"column":4},"end":{"line":50,"column":85}}],"line":50},"1":{"loc":{"start":{"line":54,"column":4},"end":{"line":54,"column":74}},"type":"if","locations":[{"start":{"line":54,"column":4},"end":{"line":54,"column":74}},{"start":{"line":54,"column":4},"end":{"line":54,"column":74}}],"line":54},"2":{"loc":{"start":{"line":58,"column":4},"end":{"line":58,"column":109}},"type":"if","locations":[{"start":{"line":58,"column":4},"end":{"line":58,"column":109}},{"start":{"line":58,"column":4},"end":{"line":58,"column":109}}],"line":58},"3":{"loc":{"start":{"line":58,"column":8},"end":{"line":58,"column":47}},"type":"binary-expr","locations":[{"start":{"line":58,"column":8},"end":{"line":58,"column":24}},{"start":{"line":58,"column":28},"end":{"line":58,"column":47}}],"line":58},"4":{"loc":{"start":{"line":70,"column":4},"end":{"line":70,"column":90}},"type":"if","locations":[{"start":{"line":70,"column":4},"end":{"line":70,"column":90}},{"start":{"line":70,"column":4},"end":{"line":70,"column":90}}],"line":70},"5":{"loc":{"start":{"line":71,"column":4},"end":{"line":71,"column":57}},"type":"if","locations":[{"start":{"line":71,"column":4},"end":{"line":71,"column":57}},{"start":{"line":71,"column":4},"end":{"line":71,"column":57}}],"line":71},"6":{"loc":{"start":{"line":84,"column":4},"end":{"line":89,"column":8}},"type":"if","locations":[{"start":{"line":84,"column":4},"end":{"line":89,"column":8}},{"start":{"line":84,"column":4},"end":{"line":89,"column":8}}],"line":84},"7":{"loc":{"start":{"line":84,"column":8},"end":{"line":84,"column":64}},"type":"binary-expr","locations":[{"start":{"line":84,"column":8},"end":{"line":84,"column":44}},{"start":{"line":84,"column":48},"end":{"line":84,"column":64}}],"line":84},"8":{"loc":{"start":{"line":117,"column":26},"end":{"line":117,"column":94}},"type":"cond-expr","locations":[{"start":{"line":117,"column":51},"end":{"line":117,"column":55}},{"start":{"line":117,"column":58},"end":{"line":117,"column":94}}],"line":117},"9":{"loc":{"start":{"line":137,"column":9},"end":{"line":137,"column":86}},"type":"binary-expr","locations":[{"start":{"line":137,"column":9},"end":{"line":137,"column":25}},{"start":{"line":137,"column":29},"end":{"line":137,"column":86}}],"line":137},"10":{"loc":{"start":{"line":143,"column":20},"end":{"line":143,"column":61}},"type":"binary-expr","locations":[{"start":{"line":143,"column":20},"end":{"line":143,"column":40}},{"start":{"line":143,"column":44},"end":{"line":143,"column":61}}],"line":143}},"s":{"0":0,"1":0,"2":0,"3":0,"4":0,"5":0,"6":0,"7":0,"8":0,"9":0,"10":0,"11":0,"12":0,"13":0,"14":0,"15":0,"16":0,"17":0},"f":{"0":0,"1":0,"2":0,"3":0,"4":0,"5":0,"6":0,"7":0,"8":0},"b":{"0":[0,0],"1":[0,0],"2":[0,0],"3":[0,0],"4":[0,0],"5":[0,0],"6":[0,0],"7":[0,0],"8":[0,0],"9":[0,0],"10":[0,0]},"_coverageSchema":"332fd63041d2c1bcb487cc26dd0d5f7d97098a6c","hash":"7c77bb15479ff14b6159b1546d64e186e691ab41"}
,"D:\\Projets\\agency\\react-native-os-boilerplate\\reactNativeOsBoilerplate\\src\\components\\authentication\\RegisterForm.js": {"path":"D:\\Projets\\agency\\react-native-os-boilerplate\\reactNativeOsBoilerplate\\src\\components\\authentication\\RegisterForm.js","statementMap":{"0":{"start":{"line":32,"column":28},"end":{"line":32,"column":38}},"1":{"start":{"line":34,"column":4},"end":{"line":36,"column":7}},"2":{"start":{"line":40,"column":4},"end":{"line":40,"column":29}},"3":{"start":{"line":44,"column":4},"end":{"line":44,"column":29}},"4":{"start":{"line":48,"column":4},"end":{"line":48,"column":68}},"5":{"start":{"line":49,"column":4},"end":{"line":49,"column":57}},"6":{"start":{"line":49,"column":29},"end":{"line":49,"column":57}},"7":{"start":{"line":53,"column":4},"end":{"line":53,"column":32}},"8":{"start":{"line":57,"column":4},"end":{"line":57,"column":32}},"9":{"start":{"line":61,"column":58},"end":{"line":61,"column":68}},"10":{"start":{"line":63,"column":4},"end":{"line":148,"column":6}}},"fnMap":{"0":{"name":"(anonymous_0)","decl":{"start":{"line":31,"column":33},"end":{"line":31,"column":34}},"loc":{"start":{"line":31,"column":39},"end":{"line":37,"column":3}},"line":31},"1":{"name":"(anonymous_1)","decl":{"start":{"line":39,"column":18},"end":{"line":39,"column":19}},"loc":{"start":{"line":39,"column":48},"end":{"line":41,"column":3}},"line":39},"2":{"name":"(anonymous_2)","decl":{"start":{"line":43,"column":23},"end":{"line":43,"column":24}},"loc":{"start":{"line":43,"column":42},"end":{"line":45,"column":3}},"line":43},"3":{"name":"(anonymous_3)","decl":{"start":{"line":47,"column":22},"end":{"line":47,"column":23}},"loc":{"start":{"line":47,"column":28},"end":{"line":50,"column":3}},"line":47},"4":{"name":"(anonymous_4)","decl":{"start":{"line":52,"column":21},"end":{"line":52,"column":22}},"loc":{"start":{"line":52,"column":51},"end":{"line":54,"column":3}},"line":52},"5":{"name":"(anonymous_5)","decl":{"start":{"line":56,"column":26},"end":{"line":56,"column":27}},"loc":{"start":{"line":56,"column":48},"end":{"line":58,"column":3}},"line":56},"6":{"name":"(anonymous_6)","decl":{"start":{"line":60,"column":2},"end":{"line":60,"column":3}},"loc":{"start":{"line":60,"column":11},"end":{"line":149,"column":3}},"line":60}},"branchMap":{"0":{"loc":{"start":{"line":49,"column":4},"end":{"line":49,"column":57}},"type":"if","locations":[{"start":{"line":49,"column":4},"end":{"line":49,"column":57}},{"start":{"line":49,"column":4},"end":{"line":49,"column":57}}],"line":49},"1":{"loc":{"start":{"line":89,"column":26},"end":{"line":89,"column":83}},"type":"cond-expr","locations":[{"start":{"line":89,"column":40},"end":{"line":89,"column":44}},{"start":{"line":89,"column":47},"end":{"line":89,"column":83}}],"line":89},"2":{"loc":{"start":{"line":131,"column":20},"end":{"line":131,"column":55}},"type":"binary-expr","locations":[{"start":{"line":131,"column":20},"end":{"line":131,"column":32}},{"start":{"line":131,"column":36},"end":{"line":131,"column":55}}],"line":131}},"s":{"0":0,"1":0,"2":0,"3":0,"4":0,"5":0,"6":0,"7":0,"8":0,"9":0,"10":0},"f":{"0":0,"1":0,"2":0,"3":0,"4":0,"5":0,"6":0},"b":{"0":[0,0],"1":[0,0],"2":[0,0]},"_coverageSchema":"332fd63041d2c1bcb487cc26dd0d5f7d97098a6c","hash":"2883067a592156993eaa1ae48535572f240ef112"}
,"D:\\Projets\\agency\\react-native-os-boilerplate\\reactNativeOsBoilerplate\\src\\constants\\colorConstants.js": {"path":"D:\\Projets\\agency\\react-native-os-boilerplate\\reactNativeOsBoilerplate\\src\\constants\\colorConstants.js","statementMap":{"0":{"start":{"line":1,"column":18},"end":{"line":1,"column":27}},"1":{"start":{"line":16,"column":21},"end":{"line":16,"column":27}},"2":{"start":{"line":17,"column":20},"end":{"line":17,"column":26}},"3":{"start":{"line":18,"column":27},"end":{"line":18,"column":40}}},"fnMap":{},"branchMap":{},"s":{"0":1,"1":1,"2":1,"3":1},"f":{},"b":{},"_coverageSchema":"332fd63041d2c1bcb487cc26dd0d5f7d97098a6c","hash":"7d4164c2c718ba2be807df76af47ebc5fb6402fc"}
,"D:\\Projets\\agency\\react-native-os-boilerplate\\reactNativeOsBoilerplate\\src\\constants\\sizeConstants.js": {"path":"D:\\Projets\\agency\\react-native-os-boilerplate\\reactNativeOsBoilerplate\\src\\constants\\sizeConstants.js","statementMap":{"0":{"start":{"line":3,"column":28},"end":{"line":3,"column":58}},"1":{"start":{"line":4,"column":29},"end":{"line":4,"column":60}},"2":{"start":{"line":5,"column":31},"end":{"line":5,"column":53}}},"fnMap":{},"branchMap":{},"s":{"0":1,"1":1,"2":1},"f":{},"b":{},"_coverageSchema":"332fd63041d2c1bcb487cc26dd0d5f7d97098a6c","hash":"2797f93f84d44ab1268a5724e715065fad348735"}
,"D:\\Projets\\agency\\react-native-os-boilerplate\\reactNativeOsBoilerplate\\src\\constants\\statusConstants.js": {"path":"D:\\Projets\\agency\\react-native-os-boilerplate\\reactNativeOsBoilerplate\\src\\constants\\statusConstants.js","statementMap":{"0":{"start":{"line":1,"column":28},"end":{"line":1,"column":35}},"1":{"start":{"line":2,"column":30},"end":{"line":2,"column":39}},"2":{"start":{"line":3,"column":30},"end":{"line":3,"column":39}},"3":{"start":{"line":4,"column":30},"end":{"line":4,"column":39}}},"fnMap":{},"branchMap":{},"s":{"0":1,"1":1,"2":1,"3":1},"f":{},"b":{},"_coverageSchema":"332fd63041d2c1bcb487cc26dd0d5f7d97098a6c","hash":"337bcb4c38e5903cc569370f9f51881dabd7f8f8"}
,"D:\\Projets\\agency\\react-native-os-boilerplate\\reactNativeOsBoilerplate\\src\\containers\\authentication\\LoginFormContainer.js": {"path":"D:\\Projets\\agency\\react-native-os-boilerplate\\reactNativeOsBoilerplate\\src\\containers\\authentication\\LoginFormContainer.js","statementMap":{"0":{"start":{"line":12,"column":37},"end":{"line":17,"column":3}},"1":{"start":{"line":18,"column":46},"end":{"line":22,"column":3}},"2":{"start":{"line":19,"column":52},"end":{"line":19,"column":88}},"3":{"start":{"line":20,"column":43},"end":{"line":20,"column":78}}},"fnMap":{"0":{"name":"(anonymous_0)","decl":{"start":{"line":12,"column":2},"end":{"line":12,"column":3}},"loc":{"start":{"line":12,"column":37},"end":{"line":17,"column":3}},"line":12},"1":{"name":"(anonymous_1)","decl":{"start":{"line":18,"column":2},"end":{"line":18,"column":3}},"loc":{"start":{"line":18,"column":46},"end":{"line":22,"column":3}},"line":18},"2":{"name":"(anonymous_2)","decl":{"start":{"line":19,"column":15},"end":{"line":19,"column":16}},"loc":{"start":{"line":19,"column":52},"end":{"line":19,"column":88}},"line":19},"3":{"name":"(anonymous_3)","decl":{"start":{"line":20,"column":24},"end":{"line":20,"column":25}},"loc":{"start":{"line":20,"column":43},"end":{"line":20,"column":78}},"line":20}},"branchMap":{},"s":{"0":0,"1":0,"2":0,"3":0},"f":{"0":0,"1":0,"2":0,"3":0},"b":{},"_coverageSchema":"332fd63041d2c1bcb487cc26dd0d5f7d97098a6c","hash":"6a1edee5d8a69dfa12c7048bab6c366b85bbec28"}
,"D:\\Projets\\agency\\react-native-os-boilerplate\\reactNativeOsBoilerplate\\src\\screens\\LoginScreen.js": {"path":"D:\\Projets\\agency\\react-native-os-boilerplate\\reactNativeOsBoilerplate\\src\\screens\\LoginScreen.js","statementMap":{"0":{"start":{"line":24,"column":4},"end":{"line":24,"column":40}},"1":{"start":{"line":28,"column":4},"end":{"line":28,"column":37}},"2":{"start":{"line":32,"column":21},"end":{"line":32,"column":31}},"3":{"start":{"line":34,"column":4},"end":{"line":48,"column":6}}},"fnMap":{"0":{"name":"(anonymous_0)","decl":{"start":{"line":23,"column":27},"end":{"line":23,"column":28}},"loc":{"start":{"line":23,"column":33},"end":{"line":25,"column":3}},"line":23},"1":{"name":"(anonymous_1)","decl":{"start":{"line":27,"column":24},"end":{"line":27,"column":25}},"loc":{"start":{"line":27,"column":30},"end":{"line":29,"column":3}},"line":27},"2":{"name":"(anonymous_2)","decl":{"start":{"line":31,"column":2},"end":{"line":31,"column":3}},"loc":{"start":{"line":31,"column":11},"end":{"line":49,"column":3}},"line":31}},"branchMap":{"0":{"loc":{"start":{"line":39,"column":15},"end":{"line":43,"column":15}},"type":"cond-expr","locations":[{"start":{"line":40,"column":16},"end":{"line":40,"column":87}},{"start":{"line":42,"column":16},"end":{"line":42,"column":75}}],"line":39}},"s":{"0":0,"1":0,"2":2,"3":2},"f":{"0":0,"1":0,"2":2},"b":{"0":[0,0]},"_coverageSchema":"332fd63041d2c1bcb487cc26dd0d5f7d97098a6c","hash":"d1628f02e34dfbe0be4b9797744f1e51214a48de"}
,"D:\\Projets\\agency\\react-native-os-boilerplate\\reactNativeOsBoilerplate\\src\\utils\\validatorUtils.js": {"path":"D:\\Projets\\agency\\react-native-os-boilerplate\\reactNativeOsBoilerplate\\src\\utils\\validatorUtils.js","statementMap":{"0":{"start":{"line":4,"column":11},"end":{"line":4,"column":163}},"1":{"start":{"line":6,"column":2},"end":{"line":6,"column":24}},"2":{"start":{"line":10,"column":2},"end":{"line":10,"column":51}}},"fnMap":{"0":{"name":"validateEmail","decl":{"start":{"line":2,"column":16},"end":{"line":2,"column":29}},"loc":{"start":{"line":2,"column":54},"end":{"line":7,"column":1}},"line":2},"1":{"name":"hasMaximumLengthOf","decl":{"start":{"line":9,"column":16},"end":{"line":9,"column":34}},"loc":{"start":{"line":9,"column":82},"end":{"line":11,"column":1}},"line":9}},"branchMap":{"0":{"loc":{"start":{"line":10,"column":12},"end":{"line":10,"column":49}},"type":"binary-expr","locations":[{"start":{"line":10,"column":12},"end":{"line":10,"column":17}},{"start":{"line":10,"column":21},"end":{"line":10,"column":49}}],"line":10}},"s":{"0":0,"1":0,"2":0},"f":{"0":0,"1":0},"b":{"0":[0,0]},"_coverageSchema":"332fd63041d2c1bcb487cc26dd0d5f7d97098a6c","hash":"b85c8f9e98e8d8e3d5afe147fd80d6ef6f528754"}
}
