TN:
SF:D:\Projets\agency\react-native-os-boilerplate\reactNativeOsBoilerplate\src\actions\loginActions.js
FN:47,loginUser
FN:57,loginUserWithToken
FN:64,userLoginSuccess
FN:71,userLoginFailed
FN:78,resetLogin
FNF:5
FNH:0
FNDA:0,loginUser
FNDA:0,loginUserWithToken
FNDA:0,userLoginSuccess
FNDA:0,userLoginFailed
FNDA:0,resetLogin
DA:5,1
DA:6,1
DA:7,1
DA:8,1
DA:9,1
DA:48,0
DA:58,0
DA:65,0
DA:72,0
DA:79,0
LF:10
LH:5
BRF:0
BRH:0
end_of_record
TN:
SF:D:\Projets\agency\react-native-os-boilerplate\reactNativeOsBoilerplate\src\assets\images\background2.jpg
FNF:0
FNH:0
DA:1,1
LF:1
LH:1
BRF:0
BRH:0
end_of_record
TN:
SF:D:\Projets\agency\react-native-os-boilerplate\reactNativeOsBoilerplate\src\assets\styles\components\authentication\LoginForm.style.js
FNF:0
FNH:0
LF:0
LH:0
BRF:0
BRH:0
end_of_record
TN:
SF:D:\Projets\agency\react-native-os-boilerplate\reactNativeOsBoilerplate\src\assets\styles\components\authentication\RegisterForm.style.js
FNF:0
FNH:0
LF:0
LH:0
BRF:0
BRH:0
end_of_record
TN:
SF:D:\Projets\agency\react-native-os-boilerplate\reactNativeOsBoilerplate\src\assets\styles\screens\LoginScreen.style.js
FNF:0
FNH:0
LF:0
LH:0
BRF:0
BRH:0
end_of_record
TN:
SF:D:\Projets\agency\react-native-os-boilerplate\reactNativeOsBoilerplate\src\components\authentication\LoginForm.js
FN:49,(anonymous_0)
FN:53,(anonymous_1)
FN:57,(anonymous_2)
FN:61,(anonymous_3)
FN:65,(anonymous_4)
FN:69,(anonymous_5)
FN:74,(anonymous_6)
FN:78,(anonymous_7)
FN:82,(anonymous_8)
FNF:9
FNH:0
FNDA:0,(anonymous_0)
FNDA:0,(anonymous_1)
FNDA:0,(anonymous_2)
FNDA:0,(anonymous_3)
FNDA:0,(anonymous_4)
FNDA:0,(anonymous_5)
FNDA:0,(anonymous_6)
FNDA:0,(anonymous_7)
FNDA:0,(anonymous_8)
DA:50,0
DA:54,0
DA:58,0
DA:62,0
DA:66,0
DA:70,0
DA:71,0
DA:75,0
DA:79,0
DA:83,0
DA:84,0
DA:85,0
DA:91,0
LF:13
LH:0
BRDA:50,0,0,0
BRDA:50,0,1,0
BRDA:54,1,0,0
BRDA:54,1,1,0
BRDA:58,2,0,0
BRDA:58,2,1,0
BRDA:58,3,0,0
BRDA:58,3,1,0
BRDA:70,4,0,0
BRDA:70,4,1,0
BRDA:71,5,0,0
BRDA:71,5,1,0
BRDA:84,6,0,0
BRDA:84,6,1,0
BRDA:84,7,0,0
BRDA:84,7,1,0
BRDA:117,8,0,0
BRDA:117,8,1,0
BRDA:137,9,0,0
BRDA:137,9,1,0
BRDA:143,10,0,0
BRDA:143,10,1,0
BRF:22
BRH:0
end_of_record
TN:
SF:D:\Projets\agency\react-native-os-boilerplate\reactNativeOsBoilerplate\src\components\authentication\RegisterForm.js
FN:31,(anonymous_0)
FN:39,(anonymous_1)
FN:43,(anonymous_2)
FN:47,(anonymous_3)
FN:52,(anonymous_4)
FN:56,(anonymous_5)
FN:60,(anonymous_6)
FNF:7
FNH:0
FNDA:0,(anonymous_0)
FNDA:0,(anonymous_1)
FNDA:0,(anonymous_2)
FNDA:0,(anonymous_3)
FNDA:0,(anonymous_4)
FNDA:0,(anonymous_5)
FNDA:0,(anonymous_6)
DA:32,0
DA:34,0
DA:40,0
DA:44,0
DA:48,0
DA:49,0
DA:53,0
DA:57,0
DA:61,0
DA:63,0
LF:10
LH:0
BRDA:49,0,0,0
BRDA:49,0,1,0
BRDA:89,1,0,0
BRDA:89,1,1,0
BRDA:131,2,0,0
BRDA:131,2,1,0
BRF:6
BRH:0
end_of_record
TN:
SF:D:\Projets\agency\react-native-os-boilerplate\reactNativeOsBoilerplate\src\constants\colorConstants.js
FNF:0
FNH:0
DA:1,1
DA:16,1
DA:17,1
DA:18,1
LF:4
LH:4
BRF:0
BRH:0
end_of_record
TN:
SF:D:\Projets\agency\react-native-os-boilerplate\reactNativeOsBoilerplate\src\constants\sizeConstants.js
FNF:0
FNH:0
DA:3,1
DA:4,1
DA:5,1
LF:3
LH:3
BRF:0
BRH:0
end_of_record
TN:
SF:D:\Projets\agency\react-native-os-boilerplate\reactNativeOsBoilerplate\src\constants\statusConstants.js
FNF:0
FNH:0
DA:1,1
DA:2,1
DA:3,1
DA:4,1
LF:4
LH:4
BRF:0
BRH:0
end_of_record
TN:
SF:D:\Projets\agency\react-native-os-boilerplate\reactNativeOsBoilerplate\src\containers\authentication\LoginFormContainer.js
FN:12,(anonymous_0)
FN:18,(anonymous_1)
FN:19,(anonymous_2)
FN:20,(anonymous_3)
FNF:4
FNH:0
FNDA:0,(anonymous_0)
FNDA:0,(anonymous_1)
FNDA:0,(anonymous_2)
FNDA:0,(anonymous_3)
DA:12,0
DA:18,0
DA:19,0
DA:20,0
LF:4
LH:0
BRF:0
BRH:0
end_of_record
TN:
SF:D:\Projets\agency\react-native-os-boilerplate\reactNativeOsBoilerplate\src\screens\LoginScreen.js
FN:23,(anonymous_0)
FN:27,(anonymous_1)
FN:31,(anonymous_2)
FNF:3
FNH:1
FNDA:0,(anonymous_0)
FNDA:0,(anonymous_1)
FNDA:2,(anonymous_2)
DA:24,0
DA:28,0
DA:32,2
DA:34,2
LF:4
LH:2
BRDA:39,0,0,0
BRDA:39,0,1,0
BRF:2
BRH:0
end_of_record
TN:
SF:D:\Projets\agency\react-native-os-boilerplate\reactNativeOsBoilerplate\src\utils\validatorUtils.js
FN:2,validateEmail
FN:9,hasMaximumLengthOf
FNF:2
FNH:0
FNDA:0,validateEmail
FNDA:0,hasMaximumLengthOf
DA:4,0
DA:6,0
DA:10,0
LF:3
LH:0
BRDA:10,0,0,0
BRDA:10,0,1,0
BRF:2
BRH:0
end_of_record
