TN:
SF:D:\Projets\agency\rn-boilerplate-noexpo\src\components\Header.js
FN:6,(anonymous_0)
FNF:1
FNH:0
FNDA:0,(anonymous_0)
DA:6,0
DA:8,0
LF:2
LH:0
BRDA:17,0,0,0
BRDA:17,0,1,0
BRF:2
BRH:0
end_of_record
TN:
SF:D:\Projets\agency\rn-boilerplate-noexpo\src\components\StyledText.js
FN:9,(anonymous_0)
FNF:1
FNH:0
FNDA:0,(anonymous_0)
DA:9,0
DA:11,0
LF:2
LH:0
BRF:0
BRH:0
end_of_record
TN:
SF:D:\Projets\agency\rn-boilerplate-noexpo\src\components\TabBarIcon.js
FN:13,(anonymous_0)
FNF:1
FNH:0
FNDA:0,(anonymous_0)
DA:13,0
DA:14,0
DA:17,0
LF:3
LH:0
BRDA:14,0,0,0
BRDA:14,0,1,0
BRF:2
BRH:0
end_of_record
TN:
SF:D:\Projets\agency\rn-boilerplate-noexpo\src\components\authentication\LoginForm.js
FN:47,(anonymous_0)
FN:51,(anonymous_1)
FN:55,(anonymous_2)
FN:59,(anonymous_3)
FN:63,(anonymous_4)
FN:67,(anonymous_5)
FN:72,(anonymous_6)
FN:76,(anonymous_7)
FN:80,(anonymous_8)
FNF:9
FNH:4
FNDA:0,(anonymous_0)
FNDA:2,(anonymous_1)
FNDA:0,(anonymous_2)
FNDA:2,(anonymous_3)
FNDA:0,(anonymous_4)
FNDA:0,(anonymous_5)
FNDA:2,(anonymous_6)
FNDA:0,(anonymous_7)
FNDA:2,(anonymous_8)
DA:48,0
DA:52,2
DA:56,0
DA:60,2
DA:64,0
DA:68,0
DA:69,0
DA:73,2
DA:77,0
DA:81,2
DA:82,2
DA:83,0
DA:89,2
LF:13
LH:6
BRDA:48,0,0,0
BRDA:48,0,1,0
BRDA:52,1,0,0
BRDA:52,1,1,2
BRDA:56,2,0,0
BRDA:56,2,1,0
BRDA:56,3,0,0
BRDA:56,3,1,0
BRDA:68,4,0,0
BRDA:68,4,1,0
BRDA:69,5,0,0
BRDA:69,5,1,0
BRDA:82,6,0,0
BRDA:82,6,1,2
BRDA:82,7,0,2
BRDA:82,7,1,0
BRDA:115,8,0,2
BRDA:115,8,1,0
BRDA:135,9,0,2
BRDA:135,9,1,0
BRDA:141,10,0,2
BRDA:141,10,1,0
BRF:22
BRH:6
end_of_record
TN:
SF:D:\Projets\agency\rn-boilerplate-noexpo\src\components\authentication\RegisterForm.js
FN:31,(anonymous_0)
FN:39,(anonymous_1)
FN:43,(anonymous_2)
FN:47,(anonymous_3)
FN:52,(anonymous_4)
FN:56,(anonymous_5)
FN:60,(anonymous_6)
FNF:7
FNH:0
FNDA:0,(anonymous_0)
FNDA:0,(anonymous_1)
FNDA:0,(anonymous_2)
FNDA:0,(anonymous_3)
FNDA:0,(anonymous_4)
FNDA:0,(anonymous_5)
FNDA:0,(anonymous_6)
DA:32,0
DA:34,0
DA:40,0
DA:44,0
DA:48,0
DA:49,0
DA:53,0
DA:57,0
DA:61,0
DA:63,0
LF:10
LH:0
BRDA:49,0,0,0
BRDA:49,0,1,0
BRDA:89,1,0,0
BRDA:89,1,1,0
BRDA:131,2,0,0
BRDA:131,2,1,0
BRF:6
BRH:0
end_of_record
TN:
SF:D:\Projets\agency\rn-boilerplate-noexpo\src\components\fragments\Drawer.js
FN:18,(anonymous_0)
FN:23,(anonymous_1)
FNF:2
FNH:1
FNDA:0,(anonymous_0)
FNDA:1,(anonymous_1)
DA:19,0
DA:20,0
DA:24,1
DA:34,1
LF:4
LH:2
BRF:0
BRH:0
end_of_record
TN:
SF:D:\Projets\agency\rn-boilerplate-noexpo\src\navigation\AppNavigator.js
FNF:0
FNH:0
DA:6,0
LF:1
LH:0
BRF:0
BRH:0
end_of_record
TN:
SF:D:\Projets\agency\rn-boilerplate-noexpo\src\navigation\MainTabNavigator.js
FN:21,(anonymous_0)
FN:35,(anonymous_1)
FN:47,(anonymous_2)
FNF:3
FNH:0
FNDA:0,(anonymous_0)
FNDA:0,(anonymous_1)
FNDA:0,(anonymous_2)
DA:14,0
DA:22,0
DA:28,0
DA:35,0
DA:40,0
DA:47,0
DA:52,0
DA:58,0
DA:67,0
LF:9
LH:0
BRDA:22,0,0,0
BRDA:22,0,1,0
BRDA:22,1,0,0
BRDA:22,1,1,0
BRDA:35,2,0,0
BRDA:35,2,1,0
BRDA:47,3,0,0
BRDA:47,3,1,0
BRF:8
BRH:0
end_of_record
TN:
SF:D:\Projets\agency\rn-boilerplate-noexpo\src\services\api.js
FNF:0
FNH:0
DA:7,1
DA:8,1
DA:9,1
DA:10,1
DA:14,1
LF:5
LH:5
BRF:0
BRH:0
end_of_record
TN:
SF:D:\Projets\agency\rn-boilerplate-noexpo\src\services\authentication\authenticationHelper.js
FN:3,handleLoginError
FNF:1
FNH:1
FNDA:4,handleLoginError
DA:4,4
DA:5,4
DA:6,4
DA:7,3
DA:9,1
DA:11,3
LF:6
LH:6
BRDA:6,0,0,1
BRDA:6,0,1,2
BRDA:7,1,0,1
BRDA:7,1,1,2
BRDA:11,2,0,1
BRDA:11,2,1,2
BRF:6
BRH:6
end_of_record
TN:
SF:D:\Projets\agency\rn-boilerplate-noexpo\src\services\authentication\authenticationService.js
FN:5,loginUser
FN:15,refreshToken
FN:24,registerUser
FNF:3
FNH:3
FNDA:1,loginUser
FNDA:1,refreshToken
FNDA:1,registerUser
DA:6,1
DA:16,1
DA:25,1
LF:3
LH:3
BRF:0
BRH:0
end_of_record
TN:
SF:D:\Projets\agency\rn-boilerplate-noexpo\src\types\Actions.js
FNF:0
FNH:0
LF:0
LH:0
BRF:0
BRH:0
end_of_record
TN:
SF:D:\Projets\agency\rn-boilerplate-noexpo\src\types\Saga.js
FNF:0
FNH:0
LF:0
LH:0
BRF:0
BRH:0
end_of_record
TN:
SF:D:\Projets\agency\rn-boilerplate-noexpo\src\types\Status.js
FNF:0
FNH:0
DA:2,1
DA:3,1
DA:4,1
DA:5,1
LF:4
LH:4
BRF:0
BRH:0
end_of_record
TN:
SF:D:\Projets\agency\rn-boilerplate-noexpo\src\types\User.js
FNF:0
FNH:0
LF:0
LH:0
BRF:0
BRH:0
end_of_record
TN:
SF:D:\Projets\agency\rn-boilerplate-noexpo\src\types\actions\localeActions.js
FNF:0
FNH:0
LF:0
LH:0
BRF:0
BRH:0
end_of_record
TN:
SF:D:\Projets\agency\rn-boilerplate-noexpo\src\types\actions\loginActions.js
FNF:0
FNH:0
LF:0
LH:0
BRF:0
BRH:0
end_of_record
TN:
SF:D:\Projets\agency\rn-boilerplate-noexpo\src\types\actions\registerActions.js
FNF:0
FNH:0
LF:0
LH:0
BRF:0
BRH:0
end_of_record
TN:
SF:D:\Projets\agency\rn-boilerplate-noexpo\src\utils\validatorUtils.js
FN:3,validateEmail
FN:10,hasMaximumLengthOf
FNF:2
FNH:1
FNDA:2,validateEmail
FNDA:0,hasMaximumLengthOf
DA:5,2
DA:7,2
DA:11,0
LF:3
LH:2
BRDA:11,0,0,0
BRDA:11,0,1,0
BRF:2
BRH:0
end_of_record
